<?xml version="1.0" encoding="UTF-8"?>
<!-- Generated by org.testng.reporters.JUnitXMLReporter -->
<testsuite ignored="0" hostname="Mahantesh" failures="0" tests="1" name="BankingApp Test" time="0.055" errors="0" timestamp="2022-09-14T23:03:23 IST">
  <testcase classname="inetBanking_V1com.inetbanking.testCases.BaseClass" name="@BeforeClass setUp" time="-1.663176803554E9">
    <failure type="org.testng.TestNGException" message="
Can inject only one of &amp;lt;ITestContext, XmlTest&amp;gt; into a @BeforeClass annotated setUp.
For more information on native dependency injection please refer to https://testng.org/doc/documentation-main.html#native-dependency-injection">
      <![CDATA[org.testng.TestNGException: 
Can inject only one of <ITestContext, XmlTest> into a @BeforeClass annotated setUp.
For more information on native dependency injection please refer to https://testng.org/doc/documentation-main.html#native-dependency-injection
at java.base/java.util.ArrayList.forEach(ArrayList.java:1511)
... Removed 22 stack frames]]>
    </failure>
  </testcase> <!-- @BeforeClass setUp -->
  <testcase classname="inetBanking_V1com.inetbanking.testCases.BaseClass" name="@AfterClass tearDown" time="-1.663176803588E9">
    <skipped/>
  </testcase> <!-- @AfterClass tearDown -->
  <testcase classname="inetBanking_V1com.inetbanking.testCases.TC_001_LoginTest" name="LoginTest" time="0.0">
    <skipped/>
  </testcase> <!-- LoginTest -->
</testsuite> <!-- BankingApp Test -->
