<?xml version="1.0" encoding="UTF-8"?>
<testng-results ignored="0" total="1" passed="1" failed="0" skipped="0">
  <reporter-output>
  </reporter-output>
  <suite started-at="2022-09-12T20:27:05 IST" name="Surefire suite" finished-at="2022-09-12T20:28:17 IST" duration-ms="72650">
    <groups>
    </groups>
    <test started-at="2022-09-12T20:27:05 IST" name="Surefire test" finished-at="2022-09-12T20:28:17 IST" duration-ms="72650">
      <class name="inetBanking_V1com.inetbanking.testCases.TC_001_LoginTest">
        <test-method is-config="true" signature="setUp()[pri:0, instance:inetBanking_V1com.inetbanking.testCases.TC_001_LoginTest@222114ba]" started-at="2022-09-12T20:27:05 IST" name="setUp" finished-at="2022-09-12T20:27:10 IST" duration-ms="4965" status="PASS">
          <reporter-output>
          </reporter-output>
        </test-method> <!-- setUp -->
        <test-method signature="LoginTest()[pri:0, instance:inetBanking_V1com.inetbanking.testCases.TC_001_LoginTest@222114ba]" started-at="2022-09-12T20:27:10 IST" name="LoginTest" finished-at="2022-09-12T20:28:17 IST" duration-ms="67346" status="PASS">
          <reporter-output>
          </reporter-output>
        </test-method> <!-- LoginTest -->
        <test-method is-config="true" signature="tearDown()[pri:0, instance:inetBanking_V1com.inetbanking.testCases.TC_001_LoginTest@222114ba]" started-at="2022-09-12T20:28:17 IST" name="tearDown" finished-at="2022-09-12T20:28:17 IST" duration-ms="302" status="PASS">
          <reporter-output>
          </reporter-output>
        </test-method> <!-- tearDown -->
      </class> <!-- inetBanking_V1com.inetbanking.testCases.TC_001_LoginTest -->
    </test> <!-- Surefire test -->
  </suite> <!-- Surefire suite -->
</testng-results>
