<?xml version="1.0" encoding="UTF-8"?>
<testng-results ignored="0" total="1" passed="1" failed="0" skipped="0">
  <reporter-output>
  </reporter-output>
  <suite started-at="2022-09-17T16:31:22 IST" name="Default suite" finished-at="2022-09-17T16:31:54 IST" duration-ms="31486">
    <groups>
    </groups>
    <test started-at="2022-09-17T16:31:22 IST" name="Default test" finished-at="2022-09-17T16:31:54 IST" duration-ms="31486">
      <class name="orangehrm.HRMTest">
        <test-method signature="HRMLogin()[pri:0, instance:orangehrm.HRMTest@14dd9eb7]" started-at="2022-09-17T16:31:22 IST" name="HRMLogin" finished-at="2022-09-17T16:31:54 IST" duration-ms="31447" status="PASS">
          <reporter-output>
          </reporter-output>
        </test-method> <!-- HRMLogin -->
      </class> <!-- orangehrm.HRMTest -->
    </test> <!-- Default test -->
  </suite> <!-- Default suite -->
</testng-results>
